Arguments: 
  /usr/local/Cellar/node@14/14.17.1/bin/node /usr/local/bin/yarn publish

PATH: 
  /usr/local/bin:/usr/bin:/bin:/usr/sbin:/sbin:/usr/local/sbin:/Library/Apple/usr/bin:/Users/B0224569/Library/Android/sdk/emulator:/Users/B0224569/Library/Android/sdk/tools:/Users/B0224569/Library/Android/sdk/tools/bin:/Users/B0224569/Library/Android/sdk/platform-tools:/Users/B0224569/Library/Android/sdk/emulator:/Users/B0224569/Library/Android/sdk/tools:/Users/B0224569/Library/Android/sdk/tools/bin:/Users/B0224569/Library/Android/sdk/platform-tools

Yarn version: 
  1.22.10

Node version: 
  14.17.1

Platform: 
  darwin x64

Trace: 
  Error: canceled
      at Interface.<anonymous> (/usr/local/lib/node_modules/yarn/lib/cli.js:136216:13)
      at Interface.emit (events.js:375:28)
      at Interface._ttyWrite (readline.js:910:16)
      at ReadStream.onkeypress (readline.js:235:10)
      at ReadStream.emit (events.js:375:28)
      at emitKeys (internal/readline/utils.js:358:14)
      at emitKeys.next (<anonymous>)
      at ReadStream.onData (readline.js:1179:36)
      at ReadStream.emit (events.js:375:28)
      at addChunk (internal/streams/readable.js:290:12)

npm manifest: 
  {
    "name": "rsa-arch",
    "version": "1.0.0",
    "main": "./build/index.js",
    "types": "./build/index.d.ts",
    "files": [
      "/build"
    ],
    "scripts": {
      "build": "tsc",
      "release": "npm version patch && npm publish --no-git-tag-version"
    },
    "license": "MIT",
    "publishConfig": {
      "registry": "https://npm.pkg.github.com/@digidocs-org"
    },
    "devDependencies": {
      "@types/node": "^15.12.4",
      "typescript": "^4.3.4"
    }
  }

yarn manifest: 
  No manifest

Lockfile: 
  # THIS IS AN AUTOGENERATED FILE. DO NOT EDIT THIS FILE DIRECTLY.
  # yarn lockfile v1
  
  
  "@types/node@^15.12.4":
    version "15.12.4"
    resolved "https://registry.yarnpkg.com/@types/node/-/node-15.12.4.tgz#e1cf817d70a1e118e81922c4ff6683ce9d422e26"
    integrity sha512-zrNj1+yqYF4WskCMOHwN+w9iuD12+dGm0rQ35HLl9/Ouuq52cEtd0CH9qMgrdNmi5ejC1/V7vKEXYubB+65DkA==
  
  typescript@^4.3.4:
    version "4.3.4"
    resolved "https://registry.yarnpkg.com/typescript/-/typescript-4.3.4.tgz#3f85b986945bcf31071decdd96cf8bfa65f9dcbc"
    integrity sha512-uauPG7XZn9F/mo+7MrsRjyvbxFpzemRjKEZXS4AK83oP2KKOJPvb+9cO/gmnv8arWZvhnjVOXz7B49m1l0e9Ew==
